2026-05-03 17:18:47,536 [INFO] =======================================================
2026-05-03 17:18:47,536 [INFO]   AS Agent — Training Pipeline
2026-05-03 17:18:47,541 [INFO] =======================================================
2026-05-03 17:18:47,542 [INFO] Device: cpu
2026-05-03 17:18:47,586 [INFO] Loaded 19 intents from intents.json
2026-05-03 17:18:47,588 [INFO] Dataset built: 194 samples | 19 classes
2026-05-03 17:18:47,811 [INFO] Augmented train: 435 samples
2026-05-03 17:18:48,391 [INFO] HTTP Request: HEAD https://huggingface.co/distilbert-base-uncased/resolve/main/config.json "HTTP/1.1 200 OK"
2026-05-03 17:18:48,872 [INFO] HTTP Request: HEAD https://huggingface.co/distilbert-base-uncased/resolve/main/tokenizer_config.json "HTTP/1.1 200 OK"
2026-05-03 17:18:48,879 [WARNING] Warning: You are sending unauthenticated requests to the HF Hub. Please set a HF_TOKEN to enable higher rate limits and faster downloads.
2026-05-03 17:18:49,141 [INFO] HTTP Request: GET https://huggingface.co/api/models/distilbert-base-uncased/tree/main/additional_chat_templates?recursive=false&expand=false "HTTP/1.1 307 Temporary Redirect"
2026-05-03 17:18:49,294 [INFO] HTTP Request: GET https://huggingface.co/api/models/distilbert/distilbert-base-uncased/tree/main/additional_chat_templates?recursive=false&expand=false "HTTP/1.1 404 Not Found"
2026-05-03 17:18:49,454 [INFO] HTTP Request: GET https://huggingface.co/api/models/distilbert-base-uncased/tree/main?recursive=true&expand=false "HTTP/1.1 307 Temporary Redirect"
2026-05-03 17:18:49,611 [INFO] HTTP Request: GET https://huggingface.co/api/models/distilbert/distilbert-base-uncased/tree/main?recursive=true&expand=false "HTTP/1.1 200 OK"
2026-05-03 17:18:50,381 [INFO] Tokenizer loaded: distilbert-base-uncased
2026-05-03 17:18:50,632 [INFO] HTTP Request: HEAD https://huggingface.co/distilbert-base-uncased/resolve/main/config.json "HTTP/1.1 200 OK"
2026-05-03 17:18:56,446 [INFO] Model loaded: distilbert-base-uncased | Labels: 19
2026-05-03 17:18:56,476 [INFO] 
Training for up to 20 epochs (patience=4)...

2026-05-03 17:18:56,478 [INFO] -------------------------------------------------------
2026-05-03 17:28:53,927 [INFO] =======================================================
2026-05-03 17:28:53,929 [INFO]   AS Agent — Training Pipeline
2026-05-03 17:28:53,931 [INFO] =======================================================
2026-05-03 17:28:53,932 [INFO] Device: cpu
2026-05-03 17:28:53,934 [INFO] Loaded 19 intents from intents.json
2026-05-03 17:28:53,936 [INFO] Dataset built: 194 samples | 19 classes
2026-05-03 17:28:54,019 [INFO] Augmented train: 435 samples
2026-05-03 17:28:54,394 [INFO] HTTP Request: HEAD https://huggingface.co/distilbert-base-uncased/resolve/main/config.json "HTTP/1.1 200 OK"
2026-05-03 17:28:54,623 [INFO] HTTP Request: HEAD https://huggingface.co/distilbert-base-uncased/resolve/main/tokenizer_config.json "HTTP/1.1 200 OK"
2026-05-03 17:28:54,832 [INFO] HTTP Request: GET https://huggingface.co/api/models/distilbert-base-uncased/tree/main/additional_chat_templates?recursive=false&expand=false "HTTP/1.1 307 Temporary Redirect"
2026-05-03 17:28:55,001 [INFO] HTTP Request: GET https://huggingface.co/api/models/distilbert/distilbert-base-uncased/tree/main/additional_chat_templates?recursive=false&expand=false "HTTP/1.1 404 Not Found"
2026-05-03 17:28:55,161 [INFO] HTTP Request: GET https://huggingface.co/api/models/distilbert-base-uncased/tree/main?recursive=true&expand=false "HTTP/1.1 307 Temporary Redirect"
2026-05-03 17:28:55,321 [INFO] HTTP Request: GET https://huggingface.co/api/models/distilbert/distilbert-base-uncased/tree/main?recursive=true&expand=false "HTTP/1.1 200 OK"
2026-05-03 17:28:56,299 [INFO] Tokenizer loaded: distilbert-base-uncased
2026-05-03 17:28:56,537 [INFO] HTTP Request: HEAD https://huggingface.co/distilbert-base-uncased/resolve/main/config.json "HTTP/1.1 200 OK"
2026-05-03 17:28:59,968 [INFO] Model loaded: distilbert-base-uncased | Labels: 19
2026-05-03 17:28:59,995 [INFO] 
Training for up to 20 epochs (patience=4)...

2026-05-03 17:28:59,998 [INFO] -------------------------------------------------------
2026-05-03 17:31:41,399 [INFO] Model saved to: as_agent_model
2026-05-03 17:32:52,015 [INFO] Model saved to: as_agent_model
2026-05-03 17:34:05,028 [INFO] Model saved to: as_agent_model
2026-05-03 17:35:25,184 [INFO] Model saved to: as_agent_model
2026-05-03 17:36:43,499 [INFO] Model saved to: as_agent_model
2026-05-03 17:37:55,603 [INFO] Model saved to: as_agent_model
2026-05-03 17:39:04,178 [INFO] Model saved to: as_agent_model
2026-05-03 17:40:10,904 [INFO] Epoch 08/20 | Loss: 0.9834 | Acc: 76.92% | P: 0.790 | R: 0.769 | F1: 0.735
2026-05-03 17:41:16,232 [INFO] Epoch 09/20 | Loss: 0.7575 | Acc: 76.92% | P: 0.781 | R: 0.769 | F1: 0.737
2026-05-03 17:42:23,240 [INFO] Epoch 10/20 | Loss: 0.6074 | Acc: 76.92% | P: 0.808 | R: 0.769 | F1: 0.743
2026-05-03 17:43:30,258 [INFO] Model saved to: as_agent_model
2026-05-03 17:44:39,473 [INFO] Epoch 12/20 | Loss: 0.3810 | Acc: 79.49% | P: 0.815 | R: 0.795 | F1: 0.772
2026-05-03 17:45:50,033 [INFO] Epoch 13/20 | Loss: 0.3197 | Acc: 76.92% | P: 0.808 | R: 0.769 | F1: 0.743
2026-05-03 17:46:54,435 [INFO] Epoch 14/20 | Loss: 0.2666 | Acc: 76.92% | P: 0.808 | R: 0.769 | F1: 0.743
2026-05-03 17:47:57,873 [INFO] Epoch 15/20 | Loss: 0.2354 | Acc: 79.49% | P: 0.815 | R: 0.795 | F1: 0.772
2026-05-03 17:47:57,873 [INFO] 
Early stopping at epoch 15.
2026-05-03 17:47:57,873 [INFO] -------------------------------------------------------
2026-05-03 17:47:57,873 [INFO] Best Accuracy : 79.49%
2026-05-03 17:47:57,874 [INFO] Model saved   : as_agent_model/
2026-05-03 17:47:57,874 [INFO] Training complete.
2026-05-03 18:20:37,316 [INFO] =======================================================
2026-05-03 18:20:37,317 [INFO]   AS Agent — Training Pipeline
2026-05-03 18:20:37,317 [INFO] =======================================================
2026-05-03 18:20:37,317 [INFO] Device: cpu
2026-05-03 18:20:37,319 [INFO] Loaded 19 intents from intents.json
2026-05-03 18:20:37,319 [INFO] Dataset built: 194 samples | 19 classes
2026-05-03 18:20:37,344 [INFO] Augmented train: 435 samples
2026-05-03 18:20:37,560 [INFO] HTTP Request: HEAD https://huggingface.co/distilbert-base-uncased/resolve/main/config.json "HTTP/1.1 200 OK"
2026-05-03 18:20:37,742 [INFO] HTTP Request: HEAD https://huggingface.co/distilbert-base-uncased/resolve/main/tokenizer_config.json "HTTP/1.1 200 OK"
2026-05-03 18:20:37,908 [INFO] HTTP Request: GET https://huggingface.co/api/models/distilbert-base-uncased/tree/main/additional_chat_templates?recursive=false&expand=false "HTTP/1.1 307 Temporary Redirect"
2026-05-03 18:20:38,074 [INFO] HTTP Request: GET https://huggingface.co/api/models/distilbert/distilbert-base-uncased/tree/main/additional_chat_templates?recursive=false&expand=false "HTTP/1.1 404 Not Found"
2026-05-03 18:20:38,225 [INFO] HTTP Request: GET https://huggingface.co/api/models/distilbert-base-uncased/tree/main?recursive=true&expand=false "HTTP/1.1 307 Temporary Redirect"
2026-05-03 18:20:38,373 [INFO] HTTP Request: GET https://huggingface.co/api/models/distilbert/distilbert-base-uncased/tree/main?recursive=true&expand=false "HTTP/1.1 200 OK"
2026-05-03 18:20:38,507 [INFO] Tokenizer loaded: distilbert-base-uncased
2026-05-03 18:20:38,658 [INFO] HTTP Request: HEAD https://huggingface.co/distilbert-base-uncased/resolve/main/config.json "HTTP/1.1 200 OK"
2026-05-03 18:20:39,242 [INFO] Model loaded: distilbert-base-uncased | Labels: 19
2026-05-03 18:20:39,242 [INFO] 
Training for up to 20 epochs (patience=4)...

2026-05-03 18:20:39,242 [INFO] -------------------------------------------------------
2026-05-03 18:21:40,600 [INFO] Model saved to: as_agent_model
2026-05-03 18:22:40,915 [INFO] Model saved to: as_agent_model
2026-05-03 18:23:40,653 [INFO] Model saved to: as_agent_model
2026-05-03 18:24:38,875 [INFO] Model saved to: as_agent_model
2026-05-03 18:25:37,512 [INFO] Epoch 05/20 | Loss: 1.8868 | Acc: 66.67% | P: 0.688 | R: 0.667 | F1: 0.621
2026-05-03 18:26:37,820 [INFO] Model saved to: as_agent_model
2026-05-03 18:27:39,084 [INFO] Epoch 07/20 | Loss: 1.1849 | Acc: 79.49% | P: 0.795 | R: 0.795 | F1: 0.768
2026-05-03 18:28:39,993 [INFO] Epoch 08/20 | Loss: 0.9076 | Acc: 76.92% | P: 0.784 | R: 0.769 | F1: 0.743
2026-05-03 18:29:41,247 [INFO] Epoch 09/20 | Loss: 0.6944 | Acc: 79.49% | P: 0.801 | R: 0.795 | F1: 0.770
2026-05-03 19:10:40,307 [INFO] Epoch 10/20 | Loss: 0.5321 | Acc: 79.49% | P: 0.801 | R: 0.795 | F1: 0.770
2026-05-03 19:10:40,307 [INFO] 
Early stopping at epoch 10.
2026-05-03 19:10:40,308 [INFO] -------------------------------------------------------
2026-05-03 19:10:40,309 [INFO] Best Accuracy : 79.49%
2026-05-03 19:10:40,309 [INFO] Model saved   : as_agent_model/
2026-05-03 19:10:40,310 [INFO] Training complete.
2026-05-05 00:47:54,818 [INFO] =======================================================
2026-05-05 00:47:54,818 [INFO]   AS Agent — Training Pipeline
2026-05-05 00:47:54,818 [INFO] =======================================================
2026-05-05 00:47:54,818 [INFO] Device: cpu
2026-05-05 00:47:54,818 [INFO] Loaded 19 intents from intents.json
2026-05-05 00:47:54,818 [INFO] Dataset built: 194 samples | 19 classes
2026-05-05 00:47:54,868 [INFO] Augmented train: 435 samples
2026-05-05 00:47:55,666 [INFO] HTTP Request: HEAD https://huggingface.co/distilbert-base-uncased/resolve/main/config.json "HTTP/1.1 200 OK"
2026-05-05 00:47:55,667 [WARNING] Warning: You are sending unauthenticated requests to the HF Hub. Please set a HF_TOKEN to enable higher rate limits and faster downloads.
2026-05-05 00:47:55,863 [INFO] HTTP Request: HEAD https://huggingface.co/distilbert-base-uncased/resolve/main/tokenizer_config.json "HTTP/1.1 200 OK"
2026-05-05 00:47:56,033 [INFO] HTTP Request: GET https://huggingface.co/api/models/distilbert-base-uncased/tree/main/additional_chat_templates?recursive=false&expand=false "HTTP/1.1 307 Temporary Redirect"
2026-05-05 00:47:56,177 [INFO] HTTP Request: GET https://huggingface.co/api/models/distilbert/distilbert-base-uncased/tree/main/additional_chat_templates?recursive=false&expand=false "HTTP/1.1 404 Not Found"
2026-05-05 00:47:56,350 [INFO] HTTP Request: GET https://huggingface.co/api/models/distilbert-base-uncased/tree/main?recursive=true&expand=false "HTTP/1.1 307 Temporary Redirect"
2026-05-05 00:47:56,499 [INFO] HTTP Request: GET https://huggingface.co/api/models/distilbert/distilbert-base-uncased/tree/main?recursive=true&expand=false "HTTP/1.1 200 OK"
2026-05-05 00:47:56,823 [INFO] Tokenizer loaded: distilbert-base-uncased
2026-05-05 00:47:57,067 [INFO] HTTP Request: HEAD https://huggingface.co/distilbert-base-uncased/resolve/main/config.json "HTTP/1.1 200 OK"
2026-05-05 00:47:57,793 [INFO] Model loaded: distilbert-base-uncased | Labels: 19
2026-05-05 00:47:57,808 [INFO] 
Training for up to 20 epochs (patience=4)...

2026-05-05 00:47:57,808 [INFO] -------------------------------------------------------
2026-05-05 00:49:00,912 [INFO] Model saved to: as_agent_model
2026-05-05 00:49:59,825 [INFO] Model saved to: as_agent_model
2026-05-05 00:50:59,205 [INFO] Model saved to: as_agent_model
2026-05-05 00:51:58,519 [INFO] Model saved to: as_agent_model
2026-05-05 00:52:57,323 [INFO] Model saved to: as_agent_model
2026-05-05 00:53:56,492 [INFO] Model saved to: as_agent_model
2026-05-05 00:54:57,403 [INFO] Epoch 07/20 | Loss: 1.2034 | Acc: 79.49% | P: 0.759 | R: 0.795 | F1: 0.753
2026-05-05 00:55:57,021 [INFO] Model saved to: as_agent_model
2026-05-05 00:57:00,546 [INFO] Epoch 09/20 | Loss: 0.7196 | Acc: 82.05% | P: 0.875 | R: 0.821 | F1: 0.813
2026-05-05 00:58:07,332 [INFO] Epoch 10/20 | Loss: 0.5735 | Acc: 79.49% | P: 0.815 | R: 0.795 | F1: 0.772
2026-05-05 00:59:13,321 [INFO] Epoch 11/20 | Loss: 0.4431 | Acc: 79.49% | P: 0.815 | R: 0.795 | F1: 0.772
2026-05-05 01:00:19,185 [INFO] Epoch 12/20 | Loss: 0.3504 | Acc: 79.49% | P: 0.815 | R: 0.795 | F1: 0.772
2026-05-05 01:00:19,186 [INFO] 
Early stopping at epoch 12.
2026-05-05 01:00:19,186 [INFO] -------------------------------------------------------
2026-05-05 01:00:19,187 [INFO] Best Accuracy : 82.05%
2026-05-05 01:00:19,188 [INFO] Model saved   : as_agent_model/
2026-05-05 01:00:19,189 [INFO] Training complete.
2026-05-05 19:59:13,195 [INFO] =======================================================
2026-05-05 19:59:13,203 [INFO]   AS Agent — Training Pipeline
2026-05-05 19:59:13,203 [INFO] =======================================================
2026-05-05 19:59:13,203 [INFO] Device: cpu
2026-05-05 19:59:13,213 [INFO] Loaded 19 intents from intents.json
2026-05-05 19:59:13,213 [INFO] Dataset built: 194 samples | 19 classes
2026-05-05 19:59:13,268 [INFO] Augmented train: 435 samples
2026-05-05 19:59:13,703 [INFO] HTTP Request: HEAD https://huggingface.co/distilbert-base-uncased/resolve/main/config.json "HTTP/1.1 200 OK"
2026-05-05 19:59:13,928 [INFO] HTTP Request: HEAD https://huggingface.co/distilbert-base-uncased/resolve/main/tokenizer_config.json "HTTP/1.1 200 OK"
2026-05-05 19:59:13,928 [WARNING] Warning: You are sending unauthenticated requests to the HF Hub. Please set a HF_TOKEN to enable higher rate limits and faster downloads.
2026-05-05 19:59:14,141 [INFO] HTTP Request: GET https://huggingface.co/api/models/distilbert-base-uncased/tree/main/additional_chat_templates?recursive=false&expand=false "HTTP/1.1 307 Temporary Redirect"
2026-05-05 19:59:14,326 [INFO] HTTP Request: GET https://huggingface.co/api/models/distilbert/distilbert-base-uncased/tree/main/additional_chat_templates?recursive=false&expand=false "HTTP/1.1 404 Not Found"
2026-05-05 19:59:14,506 [INFO] HTTP Request: GET https://huggingface.co/api/models/distilbert-base-uncased/tree/main?recursive=true&expand=false "HTTP/1.1 307 Temporary Redirect"
2026-05-05 19:59:14,803 [INFO] HTTP Request: GET https://huggingface.co/api/models/distilbert/distilbert-base-uncased/tree/main?recursive=true&expand=false "HTTP/1.1 200 OK"
2026-05-05 19:59:14,964 [INFO] Tokenizer loaded: distilbert-base-uncased
2026-05-05 19:59:15,179 [INFO] HTTP Request: HEAD https://huggingface.co/distilbert-base-uncased/resolve/main/config.json "HTTP/1.1 200 OK"
2026-05-05 19:59:15,880 [INFO] Model loaded: distilbert-base-uncased | Labels: 19
2026-05-05 19:59:15,895 [INFO] 
Training for up to 20 epochs (patience=4)...

2026-05-05 19:59:15,896 [INFO] -------------------------------------------------------
2026-05-05 20:00:18,088 [INFO] Model saved to: as_agent_model
2026-05-05 20:01:29,320 [INFO] Model saved to: as_agent_model
2026-05-05 20:02:37,901 [INFO] Model saved to: as_agent_model
2026-05-05 20:03:50,462 [INFO] Model saved to: as_agent_model
2026-05-05 20:05:00,510 [INFO] Model saved to: as_agent_model
2026-05-06 13:04:21,171 [INFO]   AS Agent — Training Pipeline
2026-05-06 13:04:21,172 [INFO] Device: cpu
2026-05-06 13:04:21,172 [INFO] Loaded 19 intents from intents.json
2026-05-06 13:04:21,174 [INFO] Dataset built: 194 samples | 19 classes
2026-05-06 13:04:21,175 [INFO] Responses saved responses.json
2026-05-06 13:04:21,236 [INFO] Augmented train: 435 samples
2026-05-06 13:04:21,746 [INFO] HTTP Request: HEAD https://huggingface.co/distilbert-base-uncased/resolve/main/config.json "HTTP/1.1 200 OK"
2026-05-06 13:04:22,027 [INFO] HTTP Request: HEAD https://huggingface.co/distilbert-base-uncased/resolve/main/tokenizer_config.json "HTTP/1.1 200 OK"
2026-05-06 13:04:22,027 [WARNING] Warning: You are sending unauthenticated requests to the HF Hub. Please set a HF_TOKEN to enable higher rate limits and faster downloads.
2026-05-06 13:04:22,402 [INFO] HTTP Request: GET https://huggingface.co/api/models/distilbert-base-uncased/tree/main/additional_chat_templates?recursive=false&expand=false "HTTP/1.1 307 Temporary Redirect"
2026-05-06 13:04:22,777 [INFO] HTTP Request: GET https://huggingface.co/api/models/distilbert/distilbert-base-uncased/tree/main/additional_chat_templates?recursive=false&expand=false "HTTP/1.1 404 Not Found"
2026-05-06 13:04:23,295 [INFO] HTTP Request: GET https://huggingface.co/api/models/distilbert-base-uncased/tree/main?recursive=true&expand=false "HTTP/1.1 307 Temporary Redirect"
2026-05-06 13:04:23,732 [INFO] HTTP Request: GET https://huggingface.co/api/models/distilbert/distilbert-base-uncased/tree/main?recursive=true&expand=false "HTTP/1.1 200 OK"
2026-05-06 13:04:23,859 [INFO] Tokenizer loaded: distilbert-base-uncased
2026-05-06 13:04:24,092 [INFO] HTTP Request: HEAD https://huggingface.co/distilbert-base-uncased/resolve/main/config.json "HTTP/1.1 200 OK"
2026-05-06 13:04:24,847 [INFO] Model loaded: distilbert-base-uncased | Labels: 19
2026-05-06 13:04:24,855 [INFO] 
Training for up to 20 epochs (patience=4)...

2026-05-06 13:05:35,729 [INFO] Model saved to: as_agent_model
2026-05-06 13:06:46,988 [INFO] Model saved to: as_agent_model
2026-05-06 13:07:52,049 [INFO] Model saved to: as_agent_model
2026-05-06 13:09:09,927 [INFO] Model saved to: as_agent_model
2026-05-06 13:10:26,553 [INFO] Epoch 05/20 | Loss: 1.8845 | Acc: 69.23% | P: 0.705 | R: 0.692 | F1: 0.644
2026-05-06 13:11:46,494 [INFO] Model saved to: as_agent_model
2026-05-06 13:13:02,384 [INFO] Model saved to: as_agent_model
2026-05-06 13:14:10,790 [INFO] Model saved to: as_agent_model
2026-05-06 13:15:13,942 [INFO] Epoch 09/20 | Loss: 0.7355 | Acc: 84.62% | P: 0.835 | R: 0.846 | F1: 0.821
2026-05-06 13:16:22,038 [INFO] Epoch 10/20 | Loss: 0.5802 | Acc: 84.62% | P: 0.901 | R: 0.846 | F1: 0.839
2026-05-06 13:17:51,899 [INFO] Model saved to: as_agent_model
2026-05-06 13:19:14,384 [INFO] Epoch 12/20 | Loss: 0.3689 | Acc: 84.62% | P: 0.892 | R: 0.846 | F1: 0.841
2026-05-06 13:20:16,306 [INFO] Epoch 13/20 | Loss: 0.3135 | Acc: 82.05% | P: 0.833 | R: 0.821 | F1: 0.800
2026-05-06 13:21:17,231 [INFO] Epoch 14/20 | Loss: 0.2585 | Acc: 84.62% | P: 0.902 | R: 0.846 | F1: 0.844
2026-05-06 13:22:18,305 [INFO] Epoch 15/20 | Loss: 0.2284 | Acc: 84.62% | P: 0.902 | R: 0.846 | F1: 0.844
2026-05-06 13:22:18,305 [INFO] 
Early stopping at epoch 15.
2026-05-06 13:22:18,305 [INFO] Best Accuracy : 87.18%
2026-05-06 13:22:18,305 [INFO] Model saved   : as_agent_model/
2026-05-06 13:22:18,305 [INFO] Training complete.
2026-05-10 20:32:16,773 [INFO]   AS Agent — Training Pipeline
2026-05-10 20:32:16,783 [INFO] Device: cpu
2026-05-10 20:32:16,804 [INFO] Loaded 19 intents from intents.json
2026-05-10 20:32:16,806 [INFO] Dataset built: 194 samples | 19 classes
2026-05-10 20:32:16,809 [INFO] Responses saved responses.json
2026-05-10 20:32:16,908 [INFO] Augmented train: 435 samples
2026-05-10 20:32:17,338 [INFO] HTTP Request: HEAD https://huggingface.co/distilbert-base-uncased/resolve/main/config.json "HTTP/1.1 200 OK"
2026-05-10 20:32:17,597 [INFO] HTTP Request: HEAD https://huggingface.co/distilbert-base-uncased/resolve/main/tokenizer_config.json "HTTP/1.1 200 OK"
2026-05-10 20:32:17,921 [INFO] HTTP Request: GET https://huggingface.co/api/models/distilbert-base-uncased/tree/main/additional_chat_templates?recursive=false&expand=false "HTTP/1.1 307 Temporary Redirect"
2026-05-10 20:32:18,088 [INFO] HTTP Request: GET https://huggingface.co/api/models/distilbert/distilbert-base-uncased/tree/main/additional_chat_templates?recursive=false&expand=false "HTTP/1.1 404 Not Found"
2026-05-10 20:32:18,415 [INFO] HTTP Request: GET https://huggingface.co/api/models/distilbert-base-uncased/tree/main?recursive=true&expand=false "HTTP/1.1 307 Temporary Redirect"
2026-05-10 20:32:18,631 [INFO] HTTP Request: GET https://huggingface.co/api/models/distilbert/distilbert-base-uncased/tree/main?recursive=true&expand=false "HTTP/1.1 200 OK"
2026-05-10 20:32:19,622 [INFO] Tokenizer loaded: distilbert-base-uncased
2026-05-10 20:32:19,853 [INFO] HTTP Request: HEAD https://huggingface.co/distilbert-base-uncased/resolve/main/config.json "HTTP/1.1 200 OK"
2026-05-10 20:32:19,856 [WARNING] Warning: You are sending unauthenticated requests to the HF Hub. Please set a HF_TOKEN to enable higher rate limits and faster downloads.
2026-05-10 20:32:20,993 [INFO] Model loaded: distilbert-base-uncased | Labels: 19
2026-05-10 20:32:21,008 [INFO] 
Training for up to 20 epochs (patience=4)...

2026-05-10 20:34:21,008 [INFO] Model saved to: as_agent_model
2026-05-10 20:35:54,078 [INFO] Model saved to: as_agent_model
2026-05-10 20:37:17,087 [INFO] Model saved to: as_agent_model
2026-05-10 20:38:36,785 [INFO] Model saved to: as_agent_model
2026-05-10 20:39:55,201 [INFO] Model saved to: as_agent_model
2026-05-10 20:41:21,746 [INFO] Model saved to: as_agent_model
2026-05-10 20:42:42,442 [INFO] Model saved to: as_agent_model
2026-05-10 20:44:14,317 [INFO] Epoch 08/20 | Loss: 1.0052 | Acc: 76.92% | P: 0.781 | R: 0.769 | F1: 0.743
2026-05-10 20:45:45,132 [INFO] Epoch 09/20 | Loss: 0.7906 | Acc: 76.92% | P: 0.781 | R: 0.769 | F1: 0.743
2026-05-10 20:46:59,967 [INFO] Epoch 10/20 | Loss: 0.6246 | Acc: 76.92% | P: 0.781 | R: 0.769 | F1: 0.743
2026-05-10 20:48:08,390 [INFO] Epoch 11/20 | Loss: 0.5070 | Acc: 79.49% | P: 0.798 | R: 0.795 | F1: 0.771
2026-05-10 20:48:08,390 [INFO] 
Early stopping at epoch 11.
2026-05-10 20:48:08,391 [INFO] Best Accuracy : 79.49%
2026-05-10 20:48:08,391 [INFO] Model saved   : as_agent_model/
2026-05-10 20:48:08,392 [INFO] Training complete.
2026-05-10 20:55:36,796 [INFO]   AS Agent — Training Pipeline
2026-05-10 20:55:36,797 [INFO] Device: cpu
2026-05-10 20:55:36,800 [INFO] Loaded 19 intents from intents.json
2026-05-10 20:55:36,800 [INFO] Dataset built: 194 samples | 19 classes
2026-05-10 20:55:36,803 [INFO] Responses saved responses.json
2026-05-10 20:55:36,861 [INFO] Augmented train: 435 samples
2026-05-10 20:55:37,130 [INFO] HTTP Request: HEAD https://huggingface.co/distilbert-base-uncased/resolve/main/config.json "HTTP/1.1 200 OK"
2026-05-10 20:55:37,131 [WARNING] Warning: You are sending unauthenticated requests to the HF Hub. Please set a HF_TOKEN to enable higher rate limits and faster downloads.
2026-05-10 20:55:37,313 [INFO] HTTP Request: HEAD https://huggingface.co/distilbert-base-uncased/resolve/main/tokenizer_config.json "HTTP/1.1 200 OK"
2026-05-10 20:55:37,487 [INFO] HTTP Request: GET https://huggingface.co/api/models/distilbert-base-uncased/tree/main/additional_chat_templates?recursive=false&expand=false "HTTP/1.1 307 Temporary Redirect"
2026-05-10 20:55:37,641 [INFO] HTTP Request: GET https://huggingface.co/api/models/distilbert/distilbert-base-uncased/tree/main/additional_chat_templates?recursive=false&expand=false "HTTP/1.1 404 Not Found"
2026-05-10 20:55:37,803 [INFO] HTTP Request: GET https://huggingface.co/api/models/distilbert-base-uncased/tree/main?recursive=true&expand=false "HTTP/1.1 307 Temporary Redirect"
2026-05-10 20:55:38,020 [INFO] HTTP Request: GET https://huggingface.co/api/models/distilbert/distilbert-base-uncased/tree/main?recursive=true&expand=false "HTTP/1.1 200 OK"
2026-05-10 20:55:38,140 [INFO] Tokenizer loaded: distilbert-base-uncased
2026-05-10 20:55:38,301 [INFO] HTTP Request: HEAD https://huggingface.co/distilbert-base-uncased/resolve/main/config.json "HTTP/1.1 200 OK"
2026-05-10 20:55:39,136 [INFO] Model loaded: distilbert-base-uncased | Labels: 19
2026-05-10 20:55:39,138 [INFO] 
Training for up to 20 epochs (patience=4)...

2026-05-10 20:56:51,952 [INFO] Model saved to: as_agent_model
2026-05-10 20:58:01,407 [INFO] Model saved to: as_agent_model
2026-05-10 20:59:10,032 [INFO] Model saved to: as_agent_model
2026-05-10 21:00:19,740 [INFO] Model saved to: as_agent_model
2026-05-10 21:01:38,158 [INFO] Model saved to: as_agent_model
2026-05-10 21:02:49,033 [INFO] Model saved to: as_agent_model
2026-05-10 21:04:08,276 [INFO] Epoch 07/20 | Loss: 1.2089 | Acc: 82.05% | P: 0.827 | R: 0.821 | F1: 0.792
2026-05-10 21:05:31,235 [INFO] Model saved to: as_agent_model
2026-05-10 21:06:52,829 [INFO] Epoch 09/20 | Loss: 0.7353 | Acc: 82.05% | P: 0.810 | R: 0.821 | F1: 0.796
2026-05-10 21:08:11,998 [INFO] Epoch 10/20 | Loss: 0.5770 | Acc: 82.05% | P: 0.818 | R: 0.821 | F1: 0.794
2026-05-10 21:09:23,578 [INFO] Epoch 11/20 | Loss: 0.4542 | Acc: 82.05% | P: 0.818 | R: 0.821 | F1: 0.794
2026-05-10 21:10:36,826 [INFO] Model saved to: as_agent_model
2026-05-10 21:11:48,540 [INFO] Epoch 13/20 | Loss: 0.3082 | Acc: 82.05% | P: 0.810 | R: 0.821 | F1: 0.796
2026-05-10 21:12:55,278 [INFO] Epoch 14/20 | Loss: 0.2538 | Acc: 82.05% | P: 0.810 | R: 0.821 | F1: 0.796
2026-05-10 21:14:04,625 [INFO] Epoch 15/20 | Loss: 0.2207 | Acc: 84.62% | P: 0.878 | R: 0.846 | F1: 0.840
2026-05-10 21:15:13,163 [INFO] Epoch 16/20 | Loss: 0.1981 | Acc: 84.62% | P: 0.878 | R: 0.846 | F1: 0.840
2026-05-10 21:15:13,163 [INFO] 
Early stopping at epoch 16.
2026-05-10 21:15:13,163 [INFO] Best Accuracy : 87.18%
2026-05-10 21:15:13,164 [INFO] Model saved   : as_agent_model/
2026-05-10 21:15:13,164 [INFO] Training complete.
